Total time: 23.234 secs
| Error Command [war] error: Could not execute build using Gradle distribution 'https://services.gradle.org/distributions/gradle-2.13-bin.zip'. (NOTE: Stack trace has been filtered. Use --verbose to see entire trace.)
org.gradle.tooling.BuildException: Could not execute build using Gradle distribution 'https://services.gradle.org/distributions/gradle-2.13-bin.zip'.
        at org.gradle.tooling.internal.consumer.ExceptionTransformer.transform(ExceptionTransformer.java:51)
        at org.gradle.tooling.internal.consumer.ExceptionTransformer.transform(ExceptionTransformer.java:29)
        at org.gradle.tooling.internal.consumer.ResultHandlerAdapter.onFailure(ResultHandlerAdapter.java:41)
        at org.gradle.tooling.internal.consumer.async.DefaultAsyncConsumerActionExecutor$1$1.run(DefaultAsyncConsumerActionExecutor.java:57)
        at org.gradle.internal.concurrent.ExecutorPolicy$CatchAndRecordFailures.onExecute(ExecutorPolicy.java:54)
        at org.gradle.internal.concurrent.StoppableExecutorImpl$1.run(StoppableExecutorImpl.java:40)
        at java.util.concurrent.ThreadPoolExecutor.runWorker(ThreadPoolExecutor.java:1145)
        at java.util.concurrent.ThreadPoolExecutor$Worker.run(ThreadPoolExecutor.java:615)
        at java.lang.Thread.run(Thread.java:745)
        at org.gradle.tooling.internal.consumer.BlockingResultHandler.getResult(BlockingResultHandler.java:46)
        at org.gradle.tooling.internal.consumer.DefaultBuildLauncher.run(DefaultBuildLauncher.java:77)
        at org.grails.cli.gradle.GradleUtil$_runBuildWithConsoleOutput_closure3.doCall(GradleUtil.groovy:80)
        at sun.reflect.NativeMethodAccessorImpl.invoke0(Native Method)
        at sun.reflect.NativeMethodAccessorImpl.invoke(NativeMethodAccessorImpl.java:57)
        at sun.reflect.DelegatingMethodAccessorImpl.invoke(DelegatingMethodAccessorImpl.java:43)
        at java.lang.reflect.Method.invoke(Method.java:606)
        at org.codehaus.groovy.reflection.CachedMethod.invoke(CachedMethod.java:93)
        at groovy.lang.MetaMethod.doMethodInvoke(MetaMethod.java:325)
        at org.codehaus.groovy.runtime.metaclass.ClosureMetaClass.invokeMethod(ClosureMetaClass.java:294)
        at groovy.lang.MetaClassImpl.invokeMethod(MetaClassImpl.java:1024)
        at groovy.lang.Closure.call(Closure.java:414)
        at groovy.lang.Closure.call(Closure.java:430)
        at org.grails.cli.gradle.GradleUtil$_withProjectConnection_closure1.doCall(GradleUtil.groovy:61)
        at org.grails.cli.gradle.GradleUtil$_withProjectConnection_closure1.call(GradleUtil.groovy)
        at grails.io.support.SystemOutErrCapturer.withNullOutput(SystemOutErrCapturer.groovy:64)
        at org.grails.cli.gradle.GradleUtil.withProjectConnection(GradleUtil.groovy:60)
        at org.grails.cli.gradle.GradleUtil.runBuildWithConsoleOutput(GradleUtil.groovy:75)
        at org.grails.cli.gradle.GradleInvoker.invokeMethod(GradleInvoker.groovy:50)
        at org.codehaus.groovy.runtime.callsite.PogoMetaClassSite.call(PogoMetaClassSite.java:48)
        at org.codehaus.groovy.runtime.callsite.CallSiteArray.defaultCall(CallSiteArray.java:48)
        at org.codehaus.groovy.runtime.callsite.AbstractCallSite.call(AbstractCallSite.java:113)
        at assemble.run(assemble.groovy:19)
        at org.grails.cli.profile.commands.script.GroovyScriptCommand.handle(GroovyScriptCommand.groovy:152)
        at org.grails.cli.profile.AbstractProfile.handleCommand(AbstractProfile.groovy:452)
        at org.grails.cli.GrailsCli.handleCommand(GrailsCli.groovy:373)
        at org.grails.cli.GrailsCli.handleCommand(GrailsCli.groovy:346)
        at org.grails.cli.GrailsCli.execute(GrailsCli.groovy:275)
        at org.grails.cli.GrailsCli.main(GrailsCli.groovy:163)
Caused by: org.gradle.internal.exceptions.LocationAwareException: Execution failed for task ':grails_demo_plugin:bootRepackage'.
        at org.gradle.initialization.DefaultExceptionAnalyser.transform(DefaultExceptionAnalyser.java:74)
        at org.gradle.initialization.MultipleBuildFailuresExceptionAnalyser.transform(MultipleBuildFailuresExceptionAnalyser.java:47)
        at org.gradle.initialization.StackTraceSanitizingExceptionAnalyser.transform(StackTraceSanitizingExceptionAnalyser.java:30)
        at org.gradle.initialization.DefaultGradleLauncher$1.create(DefaultGradleLauncher.java:101)
        at org.gradle.initialization.DefaultGradleLauncher$1.create(DefaultGradleLauncher.java:93)
        at org.gradle.internal.progress.DefaultBuildOperationExecutor.run(DefaultBuildOperationExecutor.java:90)
        at org.gradle.internal.progress.DefaultBuildOperationExecutor.run(DefaultBuildOperationExecutor.java:62)
        at org.gradle.initialization.DefaultGradleLauncher.doBuild(DefaultGradleLauncher.java:93)
        at org.gradle.initialization.DefaultGradleLauncher.run(DefaultGradleLauncher.java:82)
        at org.gradle.launcher.exec.InProcessBuildActionExecuter$DefaultBuildController.run(InProcessBuildActionExecuter.java:94)
        at org.gradle.tooling.internal.provider.runner.BuildModelActionRunner.run(BuildModelActionRunner.java:46)
        at org.gradle.launcher.exec.ChainingBuildActionRunner.run(ChainingBuildActionRunner.java:35)
        at org.gradle.tooling.internal.provider.runner.SubscribableBuildActionRunner.run(SubscribableBuildActionRunner.java:58)
        at org.gradle.launcher.exec.ChainingBuildActionRunner.run(ChainingBuildActionRunner.java:35)
        at org.gradle.launcher.exec.InProcessBuildActionExecuter.execute(InProcessBuildActionExecuter.java:43)
        at org.gradle.launcher.exec.InProcessBuildActionExecuter.execute(InProcessBuildActionExecuter.java:28)
        at org.gradle.launcher.exec.ContinuousBuildActionExecuter.execute(ContinuousBuildActionExecuter.java:81)
        at org.gradle.launcher.exec.ContinuousBuildActionExecuter.execute(ContinuousBuildActionExecuter.java:46)
        at org.gradle.tooling.internal.provider.DaemonBuildActionExecuter.execute(DaemonBuildActionExecuter.java:58)
        at org.gradle.tooling.internal.provider.DaemonBuildActionExecuter.execute(DaemonBuildActionExecuter.java:40)
        at org.gradle.tooling.internal.provider.LoggingBridgingBuildActionExecuter.execute(LoggingBridgingBuildActionExecuter.java:60)
        at org.gradle.tooling.internal.provider.LoggingBridgingBuildActionExecuter.execute(LoggingBridgingBuildActionExecuter.java:34)
        at org.gradle.tooling.internal.provider.ProviderConnection.run(ProviderConnection.java:132)
        at org.gradle.tooling.internal.provider.ProviderConnection.run(ProviderConnection.java:108)
        at org.gradle.tooling.internal.provider.DefaultConnection.getModel(DefaultConnection.java:168)
        at org.gradle.tooling.internal.consumer.connection.CancellableModelBuilderBackedModelProducer.produceModel(CancellableModelBuilderBackedModelProducer.java:54)
        at org.gradle.tooling.internal.consumer.connection.PluginClasspathInjectionSupportedCheckModelProducer.produceModel(PluginClasspathInjectionSupportedCheckModelProducer.java:41)
        at org.gradle.tooling.internal.consumer.connection.AbstractConsumerConnection.run(AbstractConsumerConnection.java:60)
        at org.gradle.tooling.internal.consumer.DefaultBuildLauncher$1.run(DefaultBuildLauncher.java:89)
        at org.gradle.tooling.internal.consumer.DefaultBuildLauncher$1.run(DefaultBuildLauncher.java:83)
        at org.gradle.tooling.internal.consumer.connection.LazyConsumerActionExecutor.run(LazyConsumerActionExecutor.java:79)
        at org.gradle.tooling.internal.consumer.connection.CancellableConsumerActionExecutor.run(CancellableConsumerActionExecutor.java:45)
        at org.gradle.tooling.internal.consumer.connection.ProgressLoggingConsumerActionExecutor.run(ProgressLoggingConsumerActionExecutor.java:58)
        at org.gradle.tooling.internal.consumer.connection.RethrowingErrorsConsumerActionExecutor.run(RethrowingErrorsConsumerActionExecutor.java:38)
        at org.gradle.tooling.internal.consumer.async.DefaultAsyncConsumerActionExecutor$1$1.run(DefaultAsyncConsumerActionExecutor.java:55)
        at org.gradle.internal.concurrent.ExecutorPolicy$CatchAndRecordFailures.onExecute(ExecutorPolicy.java:54)
        at org.gradle.internal.concurrent.StoppableExecutorImpl$1.run(StoppableExecutorImpl.java:40)
Caused by: org.gradle.api.tasks.TaskExecutionException: Execution failed for task ':grails_demo_plugin:bootRepackage'.
        at org.gradle.api.internal.tasks.execution.ExecuteActionsTaskExecuter.executeActions(ExecuteActionsTaskExecuter.java:69)
        at org.gradle.api.internal.tasks.execution.ExecuteActionsTaskExecuter.execute(ExecuteActionsTaskExecuter.java:46)
        at org.gradle.api.internal.tasks.execution.PostExecutionAnalysisTaskExecuter.execute(PostExecutionAnalysisTaskExecuter.java:35)
        at org.gradle.api.internal.tasks.execution.SkipUpToDateTaskExecuter.execute(SkipUpToDateTaskExecuter.java:68)
        at org.gradle.api.internal.tasks.execution.ValidatingTaskExecuter.execute(ValidatingTaskExecuter.java:58)
        at org.gradle.api.internal.tasks.execution.SkipEmptySourceFilesTaskExecuter.execute(SkipEmptySourceFilesTaskExecuter.java:52)
        at org.gradle.api.internal.tasks.execution.SkipTaskWithNoActionsExecuter.execute(SkipTaskWithNoActionsExecuter.java:52)
        at org.gradle.api.internal.tasks.execution.SkipOnlyIfTaskExecuter.execute(SkipOnlyIfTaskExecuter.java:53)
        at org.gradle.api.internal.tasks.execution.ExecuteAtMostOnceTaskExecuter.execute(ExecuteAtMostOnceTaskExecuter.java:43)
        at org.gradle.execution.taskgraph.DefaultTaskGraphExecuter$EventFiringTaskWorker.execute(DefaultTaskGraphExecuter.java:203)
        at org.gradle.execution.taskgraph.DefaultTaskGraphExecuter$EventFiringTaskWorker.execute(DefaultTaskGraphExecuter.java:185)
        at org.gradle.execution.taskgraph.AbstractTaskPlanExecutor$TaskExecutorWorker.processTask(AbstractTaskPlanExecutor.java:66)
        at org.gradle.execution.taskgraph.AbstractTaskPlanExecutor$TaskExecutorWorker.run(AbstractTaskPlanExecutor.java:50)
        at org.gradle.execution.taskgraph.DefaultTaskPlanExecutor.process(DefaultTaskPlanExecutor.java:25)
        at org.gradle.execution.taskgraph.DefaultTaskGraphExecuter.execute(DefaultTaskGraphExecuter.java:110)
        at org.gradle.execution.SelectedTaskExecutionAction.execute(SelectedTaskExecutionAction.java:37)
        at org.gradle.execution.DefaultBuildExecuter.execute(DefaultBuildExecuter.java:37)
        at org.gradle.execution.DefaultBuildExecuter.access$000(DefaultBuildExecuter.java:23)
        at org.gradle.execution.DefaultBuildExecuter$1.proceed(DefaultBuildExecuter.java:43)
        at org.gradle.execution.DryRunBuildExecutionAction.execute(DryRunBuildExecutionAction.java:32)
        at org.gradle.execution.DefaultBuildExecuter.execute(DefaultBuildExecuter.java:37)
        at org.gradle.execution.DefaultBuildExecuter.execute(DefaultBuildExecuter.java:30)
        at org.gradle.initialization.DefaultGradleLauncher$4.run(DefaultGradleLauncher.java:154)
        at org.gradle.internal.Factories$1.create(Factories.java:22)
        at org.gradle.internal.progress.DefaultBuildOperationExecutor.run(DefaultBuildOperationExecutor.java:90)
        at org.gradle.internal.progress.DefaultBuildOperationExecutor.run(DefaultBuildOperationExecutor.java:52)
        at org.gradle.initialization.DefaultGradleLauncher.doBuildStages(DefaultGradleLauncher.java:151)
        at org.gradle.initialization.DefaultGradleLauncher.access$200(DefaultGradleLauncher.java:32)
        at org.gradle.initialization.DefaultGradleLauncher$1.create(DefaultGradleLauncher.java:99)
        ... 33 more
Caused by: java.lang.IllegalStateException: Unable to rename 'C:\test\grails_demo\plugins\grails_demo_plugin\build\libs\grails_demo_plugin-0.1.jar' to 'C:\test\grails_demo\plugins\grails_demo_plugin\build\libs\grails_demo_plugin-0.1.jar.original'
        at org.springframework.boot.loader.tools.Repackager.renameFile(Repackager.java:285)
        at org.springframework.boot.loader.tools.Repackager.repackage(Repackager.java:138)
        at org.springframework.boot.gradle.repackage.RepackageTask$RepackageAction.repackage(RepackageTask.java:226)
        at org.springframework.boot.gradle.repackage.RepackageTask$RepackageAction.execute(RepackageTask.java:190)
        at org.springframework.boot.gradle.repackage.RepackageTask$RepackageAction.execute(RepackageTask.java:165)
        at org.gradle.internal.Actions$FilteredAction.execute(Actions.java:205)
        at org.gradle.api.internal.DefaultDomainObjectCollection.all(DefaultDomainObjectCollection.java:110)
        at org.gradle.api.internal.tasks.RealizableTaskCollection.all(RealizableTaskCollection.java:182)
        at org.gradle.api.internal.DefaultDomainObjectCollection.withType(DefaultDomainObjectCollection.java:120)
        at org.springframework.boot.gradle.repackage.RepackageTask.repackage(RepackageTask.java:140)
        at org.gradle.internal.reflect.JavaMethod.invoke(JavaMethod.java:75)
        at org.gradle.api.internal.project.taskfactory.AnnotationProcessingTaskFactory$StandardTaskAction.doExecute(AnnotationProcessingTaskFactory.java:228)
        at org.gradle.api.internal.project.taskfactory.AnnotationProcessingTaskFactory$StandardTaskAction.execute(AnnotationProcessingTaskFactory.java:221)
        at org.gradle.api.internal.project.taskfactory.AnnotationProcessingTaskFactory$StandardTaskAction.execute(AnnotationProcessingTaskFactory.java:210)
        at org.gradle.api.internal.AbstractTask$TaskActionWrapper.execute(AbstractTask.java:585)
        at org.gradle.api.internal.AbstractTask$TaskActionWrapper.execute(AbstractTask.java:568)
        at org.gradle.api.internal.tasks.execution.ExecuteActionsTaskExecuter.executeAction(ExecuteActionsTaskExecuter.java:80)
        at org.gradle.api.internal.tasks.execution.ExecuteActionsTaskExecuter.executeActions(ExecuteActionsTaskExecuter.java:61)
        ... 61 more
| Error Command [war] error: Could not execute build using Gradle distribution 'https://services.gradle.org/distributions/gradle-2.13-bin.zip'.
